<?xml version="1.0" encoding="UTF-8" standalone="no"?>
<!DOCTYPE log SYSTEM "logger.dtd">
<log>
<record>
  <date>2012-03-03T02:48:37</date>
  <millis>1330739317808</millis>
  <sequence>1</sequence>
  <logger>logger</logger>
  <level>INFO</level>
  <class>Controler</class>
  <method>init</method>
  <thread>10</thread>
  <message>Console handler initialized</message>
</record>
<record>
  <date>2012-03-03T02:48:38</date>
  <millis>1330739318039</millis>
  <sequence>2</sequence>
  <logger>logger</logger>
  <level>INFO</level>
  <class>Controler</class>
  <method>init</method>
  <thread>10</thread>
  <message>RabbitMQ queue initialized</message>
</record>
<record>
  <date>2012-03-03T02:48:38</date>
  <millis>1330739318041</millis>
  <sequence>3</sequence>
  <logger>logger</logger>
  <level>INFO</level>
  <class>Controler</class>
  <method>send</method>
  <thread>10</thread>
  <message>Send message "Boris4;pololu;TEXT;Hello!"</message>
</record>
<record>
  <date>2012-03-03T02:48:43</date>
  <millis>1330739323803</millis>
  <sequence>4</sequence>
  <logger>logger</logger>
  <level>INFO</level>
  <class>Controler</class>
  <method>receive</method>
  <thread>10</thread>
  <message>Receive message "pololu;Boris4;TEXT;J'ai bien recu!"</message>
</record>
<record>
  <date>2012-03-03T02:48:43</date>
  <millis>1330739323804</millis>
  <sequence>5</sequence>
  <logger>logger</logger>
  <level>INFO</level>
  <class>Controler</class>
  <method>log</method>
  <thread>10</thread>
  <message>After receive</message>
</record>
<record>
  <date>2012-03-03T02:48:43</date>
  <millis>1330739323814</millis>
  <sequence>6</sequence>
  <logger>logger</logger>
  <level>INFO</level>
  <class>Controler</class>
  <method>log</method>
  <thread>10</thread>
  <message>After close</message>
</record>
</log>
