<?xml version="1.0" encoding="UTF-8" standalone="no"?>
<!DOCTYPE log SYSTEM "logger.dtd">
<log>
<record>
  <date>2012-03-27T19:02:08</date>
  <millis>1332867728534</millis>
  <sequence>1</sequence>
  <logger>logger</logger>
  <level>INFO</level>
  <class>Controler</class>
  <method>init</method>
  <thread>10</thread>
  <message>Console handler initialized</message>
</record>
<record>
  <date>2012-03-27T19:02:08</date>
  <millis>1332867728683</millis>
  <sequence>2</sequence>
  <logger>logger</logger>
  <level>INFO</level>
  <class>Controler</class>
  <method>init</method>
  <thread>10</thread>
  <message>RabbitMQ queue initialized</message>
</record>
<record>
  <date>2012-03-27T19:02:08</date>
  <millis>1332867728683</millis>
  <sequence>3</sequence>
  <logger>logger</logger>
  <level>INFO</level>
  <class>Controler</class>
  <method>log</method>
  <thread>10</thread>
  <message>Waiting message from queue ...</message>
</record>
<record>
  <date>2012-03-27T19:02:10</date>
  <millis>1332867730767</millis>
  <sequence>4</sequence>
  <logger>logger</logger>
  <level>INFO</level>
  <class>Controler</class>
  <method>receive</method>
  <thread>10</thread>
  <message>Receive message "Toto;zigbee;GOSTRAIGHT;0"</message>
</record>
<record>
  <date>2012-03-27T19:02:10</date>
  <millis>1332867730770</millis>
  <sequence>5</sequence>
  <logger>logger</logger>
  <level>INFO</level>
  <class>Controler</class>
  <method>log</method>
  <thread>10</thread>
  <message>0</message>
</record>
<record>
  <date>2012-03-27T19:02:15</date>
  <millis>1332867735771</millis>
  <sequence>6</sequence>
  <logger>logger</logger>
  <level>INFO</level>
  <class>Controler</class>
  <method>send</method>
  <thread>10</thread>
  <message>Send message "zigbee;Toto;ACK;0"</message>
</record>
<record>
  <date>2012-03-27T19:02:15</date>
  <millis>1332867735776</millis>
  <sequence>7</sequence>
  <logger>logger</logger>
  <level>INFO</level>
  <class>Controler</class>
  <method>log</method>
  <thread>10</thread>
  <message>Waiting message from queue ...</message>
</record>
<record>
  <date>2012-03-27T19:03:31</date>
  <millis>1332867811920</millis>
  <sequence>8</sequence>
  <logger>logger</logger>
  <level>INFO</level>
  <class>Controler</class>
  <method>receive</method>
  <thread>10</thread>
  <message>Receive message "Toto;zigbee;GOSTRAIGHT;0"</message>
</record>
<record>
  <date>2012-03-27T19:03:31</date>
  <millis>1332867811921</millis>
  <sequence>9</sequence>
  <logger>logger</logger>
  <level>INFO</level>
  <class>Controler</class>
  <method>log</method>
  <thread>10</thread>
  <message>0</message>
</record>
<record>
  <date>2012-03-27T19:03:36</date>
  <millis>1332867816922</millis>
  <sequence>10</sequence>
  <logger>logger</logger>
  <level>INFO</level>
  <class>Controler</class>
  <method>send</method>
  <thread>10</thread>
  <message>Send message "zigbee;Toto;ACK;0"</message>
</record>
<record>
  <date>2012-03-27T19:03:36</date>
  <millis>1332867816923</millis>
  <sequence>11</sequence>
  <logger>logger</logger>
  <level>INFO</level>
  <class>Controler</class>
  <method>log</method>
  <thread>10</thread>
  <message>Waiting message from queue ...</message>
</record>
<record>
  <date>2012-03-27T19:07:25</date>
  <millis>1332868045260</millis>
  <sequence>12</sequence>
  <logger>logger</logger>
  <level>INFO</level>
  <class>Controler</class>
  <method>receive</method>
  <thread>10</thread>
  <message>Receive message "Toto;zigbee;GOSTRAIGHT;0"</message>
</record>
<record>
  <date>2012-03-27T19:07:25</date>
  <millis>1332868045261</millis>
  <sequence>13</sequence>
  <logger>logger</logger>
  <level>INFO</level>
  <class>Controler</class>
  <method>log</method>
  <thread>10</thread>
  <message>0</message>
</record>
<record>
  <date>2012-03-27T19:07:30</date>
  <millis>1332868050262</millis>
  <sequence>14</sequence>
  <logger>logger</logger>
  <level>INFO</level>
  <class>Controler</class>
  <method>send</method>
  <thread>10</thread>
  <message>Send message "zigbee;Toto;ACK;0"</message>
</record>
<record>
  <date>2012-03-27T19:07:30</date>
  <millis>1332868050263</millis>
  <sequence>15</sequence>
  <logger>logger</logger>
  <level>INFO</level>
  <class>Controler</class>
  <method>log</method>
  <thread>10</thread>
  <message>Waiting message from queue ...</message>
</record>
<record>
  <date>2012-03-27T19:07:57</date>
  <millis>1332868077083</millis>
  <sequence>16</sequence>
  <logger>logger</logger>
  <level>INFO</level>
  <class>Controler</class>
  <method>receive</method>
  <thread>10</thread>
  <message>Receive message "Toto;zigbee;GOSTRAIGHT;0"</message>
</record>
<record>
  <date>2012-03-27T19:07:57</date>
  <millis>1332868077084</millis>
  <sequence>17</sequence>
  <logger>logger</logger>
  <level>INFO</level>
  <class>Controler</class>
  <method>log</method>
  <thread>10</thread>
  <message>0</message>
</record>
<record>
  <date>2012-03-27T19:08:02</date>
  <millis>1332868082085</millis>
  <sequence>18</sequence>
  <logger>logger</logger>
  <level>INFO</level>
  <class>Controler</class>
  <method>send</method>
  <thread>10</thread>
  <message>Send message "zigbee;Toto;ACK;0"</message>
</record>
<record>
  <date>2012-03-27T19:08:02</date>
  <millis>1332868082086</millis>
  <sequence>19</sequence>
  <logger>logger</logger>
  <level>INFO</level>
  <class>Controler</class>
  <method>log</method>
  <thread>10</thread>
  <message>Waiting message from queue ...</message>
</record>
<record>
  <date>2012-03-27T19:08:44</date>
  <millis>1332868124866</millis>
  <sequence>20</sequence>
  <logger>logger</logger>
  <level>INFO</level>
  <class>Controler</class>
  <method>receive</method>
  <thread>10</thread>
  <message>Receive message "Toto;zigbee;GOSTRAIGHT;0"</message>
</record>
<record>
  <date>2012-03-27T19:08:44</date>
  <millis>1332868124867</millis>
  <sequence>21</sequence>
  <logger>logger</logger>
  <level>INFO</level>
  <class>Controler</class>
  <method>log</method>
  <thread>10</thread>
  <message>0</message>
</record>
<record>
  <date>2012-03-27T19:08:49</date>
  <millis>1332868129868</millis>
  <sequence>22</sequence>
  <logger>logger</logger>
  <level>INFO</level>
  <class>Controler</class>
  <method>send</method>
  <thread>10</thread>
  <message>Send message "zigbee;Toto;ACK;0"</message>
</record>
<record>
  <date>2012-03-27T19:08:49</date>
  <millis>1332868129869</millis>
  <sequence>23</sequence>
  <logger>logger</logger>
  <level>INFO</level>
  <class>Controler</class>
  <method>log</method>
  <thread>10</thread>
  <message>Waiting message from queue ...</message>
</record>
</log>
